#
# There is insufficient memory for the Java Runtime Environment to continue.
# Native memory allocation (malloc) failed to allocate 1048576 bytes for AllocateHeap
# Possible reasons:
#   The system is out of physical RAM or swap space
#   The process is running with CompressedOops enabled, and the Java Heap may be blocking the growth of the native heap
# Possible solutions:
#   Reduce memory load on the system
#   Increase physical memory or swap space
#   Check if swap backing store is full
#   Decrease Java heap size (-Xmx/-Xms)
#   Decrease number of Java threads
#   Decrease Java thread stack sizes (-Xss)
#   Set larger code cache with -XX:ReservedCodeCacheSize=
#   JVM is running with Zero Based Compressed Oops mode in which the Java heap is
#     placed in the first 32GB address space. The Java Heap base address is the
#     maximum limit for the native heap growth. Please use -XX:HeapBaseMinAddress
#     to set the Java Heap base and to place the Java Heap above 32GB virtual address.
# This output file may be truncated or incomplete.
#
#  Out of Memory Error (memory/allocation.inline.hpp:61), pid=19764, tid=0x0000000000000ef8
#
# JRE version:  (8.0_192-b12) (build )
# Java VM: Java HotSpot(TM) 64-Bit Server VM (25.192-b12 mixed mode windows-amd64 compressed oops)
# Failed to write core dump. Minidumps are not enabled by default on client versions of Windows
#

---------------  T H R E A D  ---------------

Current thread (0x0000000002c35800):  JavaThread "Unknown thread" [_thread_in_vm, id=3832, stack(0x0000000002a40000,0x0000000002b40000)]

Stack: [0x0000000002a40000,0x0000000002b40000]
[error occurred during error reporting (printing stack bounds), id 0xc0000005]

Native frames: (J=compiled Java code, j=interpreted, Vv=VM code, C=native code)


---------------  P R O C E S S  ---------------

Java Threads: ( => current thread )

Other Threads:

=>0x0000000002c35800 (exited) JavaThread "Unknown thread" [_thread_in_vm, id=3832, stack(0x0000000002a40000,0x0000000002b40000)]

VM state:not at safepoint (normal execution)

VM Mutex/Monitor currently owned by a thread: None

heap address: 0x00000006c3800000, size: 4040 MB, Compressed Oops mode: Zero based, Oop shift amount: 3
Narrow klass base: 0x0000000000000000, Narrow klass shift: 3
Compressed class space size: 1073741824 Address: 0x00000007c0000000

Heap:
 PSYoungGen      total 75776K, used 1300K [0x000000076bd80000, 0x0000000771200000, 0x00000007c0000000)
  eden space 65024K, 2% used [0x000000076bd80000,0x000000076bec51f8,0x000000076fd00000)
  from space 10752K, 0% used [0x0000000770780000,0x0000000770780000,0x0000000771200000)
  to   space 10752K, 0% used [0x000000076fd00000,0x000000076fd00000,0x0000000770780000)
 ParOldGen       total 173568K, used 0K [0x00000006c3800000, 0x00000006ce180000, 0x000000076bd80000)
  object space 173568K, 0% used [0x00000006c3800000,0x00000006c3800000,0x00000006ce180000)
 Metaspace       used 775K, capacity 4480K, committed 4480K, reserved 1056768K
  class space    used 76K, capacity 384K, committed 384K, reserved 1048576K

Card table byte_map: [0x00000000120f0000,0x00000000128e0000] byte_map_base: 0x000000000ead4000

Marking Bits: (ParMarkBitMap*) 0x0000000061983ce0
 Begin Bits: [0x0000000013630000, 0x0000000017550000)
 End Bits:   [0x0000000017550000, 0x000000001b470000)

Polling page: 0x0000000001210000

CodeCache: size=245760Kb used=328Kb max_used=328Kb free=245431Kb
 bounds [0x0000000002d30000, 0x0000000002fa0000, 0x0000000011d30000]
 total_blobs=58 nmethods=0 adapters=38
 compilation: enabled

Compilation events (0 events):
No events

GC Heap History (0 events):
No events

Deoptimization events (0 events):
No events

Classes redefined (0 events):
No events

Internal exceptions (0 events):
No events

Events (10 events):
Event: 0.025 loading class java/lang/Short
Event: 0.025 loading class java/lang/Short done
Event: 0.025 loading class java/lang/Integer
Event: 0.025 loading class java/lang/Integer done
Event: 0.025 loading class java/lang/Long
Event: 0.025 loading class java/lang/Long done
Event: 0.026 loading class java/lang/NullPointerException
Event: 0.026 loading class java/lang/NullPointerException done
Event: 0.026 loading class java/lang/ArithmeticException
Event: 0.026 loading class java/lang/ArithmeticException done


Dynamic libraries:
0x00007ff759070000 - 0x00007ff7590a7000 	C:\Program Files\Java\jdk1.8.0_192\bin\javaw.exe
0x00007ffea64c0000 - 0x00007ffea66b0000 	C:\Windows\SYSTEM32\ntdll.dll
0x00007ffea4630000 - 0x00007ffea46e2000 	C:\Windows\System32\KERNEL32.DLL
0x00007ffea37f0000 - 0x00007ffea3a93000 	C:\Windows\System32\KERNELBASE.dll
0x00007ffea4c30000 - 0x00007ffea4cd3000 	C:\Windows\System32\ADVAPI32.dll
0x00007ffea5030000 - 0x00007ffea50ce000 	C:\Windows\System32\msvcrt.dll
0x00007ffea63d0000 - 0x00007ffea6467000 	C:\Windows\System32\sechost.dll
0x00007ffea46f0000 - 0x00007ffea4810000 	C:\Windows\System32\RPCRT4.dll
0x00007ffea5970000 - 0x00007ffea5b04000 	C:\Windows\System32\USER32.dll
0x00007ffea3bf0000 - 0x00007ffea3c11000 	C:\Windows\System32\win32u.dll
0x00007ffea45a0000 - 0x00007ffea45c6000 	C:\Windows\System32\GDI32.dll
0x00007ffea3650000 - 0x00007ffea37e4000 	C:\Windows\System32\gdi32full.dll
0x00007ffea3aa0000 - 0x00007ffea3b3e000 	C:\Windows\System32\msvcp_win.dll
0x00007ffea3c40000 - 0x00007ffea3d3a000 	C:\Windows\System32\ucrtbase.dll
0x00007ffe84650000 - 0x00007ffe848d5000 	C:\Windows\WinSxS\amd64_microsoft.windows.common-controls_6595b64144ccf1df_6.0.18362.657_none_e6c5b579130e3898\COMCTL32.dll
0x00007ffea4cf0000 - 0x00007ffea5026000 	C:\Windows\System32\combase.dll
0x00007ffea3b40000 - 0x00007ffea3bc0000 	C:\Windows\System32\bcryptPrimitives.dll
0x00007ffea4570000 - 0x00007ffea459e000 	C:\Windows\System32\IMM32.DLL
0x0000000062fc0000 - 0x0000000063091000 	C:\Program Files\Java\jdk1.8.0_192\jre\bin\msvcr100.dll
0x0000000061160000 - 0x0000000061a03000 	C:\Program Files\Java\jdk1.8.0_192\jre\bin\server\jvm.dll
0x00007ffea6470000 - 0x00007ffea6478000 	C:\Windows\System32\PSAPI.DLL
0x00007ffe9f3d0000 - 0x00007ffe9f3d9000 	C:\Windows\SYSTEM32\WSOCK32.dll
0x00007ffe9d3f0000 - 0x00007ffe9d3fa000 	C:\Windows\SYSTEM32\VERSION.dll
0x00007ffea5210000 - 0x00007ffea527f000 	C:\Windows\System32\WS2_32.dll
0x00007ffea04d0000 - 0x00007ffea04f4000 	C:\Windows\SYSTEM32\WINMM.dll
0x00007ffe9fee0000 - 0x00007ffe9ff0d000 	C:\Windows\SYSTEM32\WINMMBASE.dll
0x00007ffea3450000 - 0x00007ffea349a000 	C:\Windows\System32\cfgmgr32.dll
0x00007ffe9f3f0000 - 0x00007ffe9f3ff000 	C:\Program Files\Java\jdk1.8.0_192\jre\bin\verify.dll
0x00007ffe8c890000 - 0x00007ffe8c8b9000 	C:\Program Files\Java\jdk1.8.0_192\jre\bin\java.dll
0x00007ffe8b0e0000 - 0x00007ffe8b0f6000 	C:\Program Files\Java\jdk1.8.0_192\jre\bin\zip.dll

VM Arguments:
jvm_args: -ea -Dfile.encoding=Cp1252 
java_command: org.testng.remote.RemoteTestNG -serport 51703 -protocol json -d D:\SeleniumAutomation\CucumberSeleniumFramework1\CucumberSeleniumFramework1\CucumberSeleniumFramework\test-output D:\SeleniumAutomation\CucumberSeleniumFramework1\CucumberSeleniumFramework1\CucumberSeleniumFramework\src\main\resources\testNG.xml
java_class_path (initial): D:\Softwares\eclipse-jee-neon-3-win32-x86_64\eclipse\plugins\org.testng.eclipse_6.9.12.201607091356\lib\testng-remote.jar;D:\SeleniumAutomation\CucumberSeleniumFramework1\CucumberSeleniumFramework1\CucumberSeleniumFramework\target\test-classes;D:\SeleniumAutomation\CucumberSeleniumFramework1\CucumberSeleniumFramework1\CucumberSeleniumFramework\target\classes;D:\Softwares\eclipse-jee-neon-3-win32-x86_64\eclipse\plugins\org.testng.eclipse_6.9.12.201607091356\lib\testng.jar;D:\Softwares\eclipse-jee-neon-3-win32-x86_64\eclipse\plugins\org.testng.eclipse_6.9.12.201607091356\lib\jcommander.jar;D:\Softwares\eclipse-jee-neon-3-win32-x86_64\eclipse\plugins\org.testng.eclipse_6.9.12.201607091356\lib\bsh-2.0b4.jar;D:\Softwares\eclipse-jee-neon-3-win32-x86_64\eclipse\plugins\org.testng.eclipse_6.9.12.201607091356\lib\snakeyaml.jar;C:\Users\ee211305\.m2\repository\info\cukes\cucumber-java\1.2.4\cucumber-java-1.2.4.jar;C:\Users\ee211305\.m2\repository\info\cukes\cucumber-core\1.2.4\cucumber-core-1.2.4.jar;C:\Users\ee211305\.m2\repository\info\cukes\cucumber-html\0.2.3\cucumber-html-0.2.3.jar;C:\Users\ee211305\.m2\repository\info\cukes\cucumber-jvm-deps\1.0.5\cucumber-jvm-deps-1.0.5.jar;C:\Users\ee211305\.m2\repository\info\cukes\gherkin\2.12.2\gherkin-2.12.2.jar;C:\Users\ee211305\.m2\repository\org\seleniumhq\selenium\selenium-java\3.141.59\selenium-java-3.141.59.jar;C:\Users\ee211305\.m2\repository\org\seleniumhq\selenium\selenium-api\3.141.59\selenium-api-3.141.59.jar;C:\Users\ee211305\.m2\repository\org\seleniumhq\selenium\selenium-chrome-driver\3.141.59\selenium-chrome-driver-3.141.59.jar;C:\Users\ee211305\.m2\repository\org\seleniumhq\selenium\selenium-edge-driver\3.141.59\selenium-edge-driver-3.141.59.jar;C:\Users\ee211305\.m2\repository\org\seleniumhq\selenium\selenium-firefox-driver\3.141.59\selenium-firefox-driver-3.141.59.jar;C:\Users\ee211305\.m2\repository\org\seleniumhq\selenium\selenium-ie-driver\3.141.59\selenium-ie-driver-3.141.59.jar;
Launcher Type: SUN_STANDARD

Environment Variables:
JAVA_HOME=C:\Program Files\Java\jdk1.8.0_192\
PATH=C:/Program Files/Java/jre1.8.0_192/bin/server;C:/Program Files/Java/jre1.8.0_192/bin;C:/Program Files/Java/jre1.8.0_192/lib/amd64;C:\Program Files (x86)\Common Files\Oracle\Java\javapath;C:\Windows\system32;C:\Windows;C:\Windows\System32\Wbem;C:\Windows\System32\WindowsPowerShell\v1.0\;C:\Windows\System32\OpenSSH\;C:\Program Files\PuTTY\;C:\Program Files (x86)\NTP\bin;C:\Program Files\Java\jdk1.8.0_192\;C:\Program Files\Microsoft SQL Server\130\Tools\Binn\;C:\Program Files\dotnet\;C:\Program Files\Microsoft SQL Server\Client SDK\ODBC\170\Tools\Binn\;D:\Maven\apache-maven-3.6.3-bin\apache-maven-3.6.3\bin;C:\Users\ee211305\AppData\Local\Microsoft\WindowsApps;C:\Users\ee211305\.dotnet\tools;C:\Program Files\MongoDB\Server\4.4\bin;;D:\Softwares\eclipse-jee-neon-3-win32-x86_64\eclipse;
USERNAME=EE211305
OS=Windows_NT
PROCESSOR_IDENTIFIER=Intel64 Family 6 Model 142 Stepping 12, GenuineIntel



---------------  S Y S T E M  ---------------

OS: Windows 10.0 , 64 bit Build 18362 (10.0.18362.329)

CPU:total 8 (initial active 8) (4 cores per cpu, 2 threads per core) family 6 model 142 stepping 12, cmov, cx8, fxsr, mmx, sse, sse2, sse3, ssse3, sse4.1, sse4.2, popcnt, avx, avx2, aes, clmul, erms, 3dnowpref, lzcnt, ht, tsc, tscinvbit, bmi1, bmi2, adx

Memory: 4k page, physical 16544876k(3313704k free), swap 16544876k(5236k free)

vm_info: Java HotSpot(TM) 64-Bit Server VM (25.192-b12) for windows-amd64 JRE (1.8.0_192-b12), built on Oct  6 2018 17:12:23 by "java_re" with MS VC++ 10.0 (VS2010)

time: Thu Oct 15 21:21:37 2020
timezone: India Standard Time
elapsed time: 0 seconds (0d 0h 0m 0s)

